Arguments: 
  /usr/local/Cellar/node/13.11.0/bin/node /usr/local/Cellar/yarn/1.22.4/libexec/bin/yarn.js add -D @types@node-fetch

PATH: 
  /usr/local/bin:/usr/bin:/bin:/usr/sbin:/sbin:/usr/local/MacGPG2/bin:/Library/Apple/usr/bin

Yarn version: 
  1.22.4

Node version: 
  13.11.0

Platform: 
  darwin x64

Trace: 
  Error: https://registry.yarnpkg.com/@types: Request "https://registry.yarnpkg.com/@types" returned a 405
      at Request.params.callback [as _callback] (/usr/local/Cellar/yarn/1.22.4/libexec/lib/cli.js:66996:18)
      at Request.self.callback (/usr/local/Cellar/yarn/1.22.4/libexec/lib/cli.js:140748:22)
      at Request.emit (events.js:315:20)
      at Request.<anonymous> (/usr/local/Cellar/yarn/1.22.4/libexec/lib/cli.js:141720:10)
      at Request.emit (events.js:315:20)
      at IncomingMessage.<anonymous> (/usr/local/Cellar/yarn/1.22.4/libexec/lib/cli.js:141642:12)
      at Object.onceWrapper (events.js:421:28)
      at IncomingMessage.emit (events.js:327:22)
      at endReadableNT (_stream_readable.js:1201:12)
      at processTicksAndRejections (internal/process/task_queues.js:84:21)

npm manifest: 
  {
    "name": "faq-bot",
    "version": "1.0.0",
    "main": "index.js",
    "repository": "https://laosb@github.com/hduhelp/faq-bot.git",
    "author": "Shibo Lyu <laosb@lns.unihubs.com>",
    "license": "MIT",
    "private": true,
    "devDependencies": {
      "@now/node": "^1.5.0"
    },
    "dependencies": {
      "node-fetch": "^2.6.0"
    }
  }

yarn manifest: 
  No manifest

Lockfile: 
  # THIS IS AN AUTOGENERATED FILE. DO NOT EDIT THIS FILE DIRECTLY.
  # yarn lockfile v1
  
  
  "@now/node@^1.5.0":
    version "1.5.0"
    resolved "https://registry.yarnpkg.com/@now/node/-/node-1.5.0.tgz#a159772276ae11acf87cf2620a86204abff38f1c"
    integrity sha512-0MChNIBHsViTMPDsifTveWmMpUSUbVQYAHg9Qa8p7uF7pkfBAghyCGHSKHJVg3zxx0vVE4z+rYgaRS6xvF8qMA==
    dependencies:
      "@types/node" "*"
  
  "@types/node@*":
    version "13.11.1"
    resolved "https://registry.yarnpkg.com/@types/node/-/node-13.11.1.tgz#49a2a83df9d26daacead30d0ccc8762b128d53c7"
    integrity sha512-eWQGP3qtxwL8FGneRrC5DwrJLGN4/dH1clNTuLfN81HCrxVtxRjygDTUoZJ5ASlDEeo0ppYFQjQIlXhtXpOn6g==
  
  node-fetch@^2.6.0:
    version "2.6.0"
    resolved "https://registry.yarnpkg.com/node-fetch/-/node-fetch-2.6.0.tgz#e633456386d4aa55863f676a7ab0daa8fdecb0fd"
    integrity sha512-8dG4H5ujfvFiqDmVu9fQ5bOHUC15JMjMY/Zumv26oOvvVJjM67KF8koCWIabKQ1GJIa9r2mMZscBq/TbdOcmNA==
